[2025-03-05 19:11:44] Server started
[2025-03-05 19:11:44] Server started on port 8080

[2025-03-05 19:11:48] Accepted client with fd: 6

[2025-03-05 19:19:52] Server started
[2025-03-05 19:19:52] Server started on port 8080

[2025-03-05 19:19:58] Accepted client with fd: 6
[2025-03-05 19:19:58] Raw HTTP Request from client 6:
GET / HTTP/1.1
Host: localhost:8080
User-Agent: Mozilla/5.0 (X11; Ubuntu; Linux x86_64; rv:135.0) Gecko/20100101 Firefox/135.0
Accept: text/html,application/xhtml+xml,application/xml;q=0.9,*/*;q=0.8
Accept-Language: en-US,en;q=0.5
Accept-Encoding: gzip, deflate, br, zstd
Connection: keep-alive
Upgrade-Insecure-Requests: 1
Sec-Fetch-Dest: document
Sec-Fetch-Mode: navigate
Sec-Fetch-Site: none
Sec-Fetch-User: ?1
Priority: u=0, i


[2025-03-05 19:19:58] Sending response:
HTTP/1.1 200 OK
Content-Length: 14

www/index.html
[2025-03-05 19:19:58] Response sent. Server should keep running...HTTP/1.1 200 OK
Content-Length: 14

www/index.html
[2025-03-05 19:19:58] Client 6 removed.
